platforms/android/app/build/outputs/logs/manifest-merger-release-report.txt
-- Merging decision tree log ---
provider#android.support.v4.content.FileProvider
INJECTED from src/main/AndroidManifest.xml:12:9-14:20
	android:grantUriPermissions
		ADDED from src/main/AndroidManifest.xml:12:92-126
	android:authorities
		INJECTED from src/main/AndroidManifest.xml
		ADDED from src/main/AndroidManifest.xml:12:19-66
	android:exported
		ADDED from src/main/AndroidManifest.xml:12:67-91
	android:name
		ADDED from src/main/AndroidManifest.xml:12:127-181
manifest
ADDED from src/main/AndroidManifest.xml:2:1-27:12
INJECTED from src/main/AndroidManifest.xml:2:1-27:12
INJECTED from src/main/AndroidManifest.xml:2:1-27:12
INJECTED from src/main/AndroidManifest.xml:2:1-27:12
MERGED from [com.android.support:support-v4:26.1.0] AndroidManifest.xml:17:1-31:12
MERGED from [:barcodescanner-release-2.1.5:] AndroidManifest.xml:2:1-14:12
MERGED from [:CordovaLib] AndroidManifest.xml:20:1-27:12
MERGED from [com.android.support:support-media-compat:26.1.0] AndroidManifest.xml:17:1-31:12
MERGED from [com.android.support:support-fragment:26.1.0] AndroidManifest.xml:17:1-31:12
MERGED from [com.android.support:support-core-utils:26.1.0] AndroidManifest.xml:17:1-31:12
MERGED from [com.android.support:support-core-ui:26.1.0] AndroidManifest.xml:17:1-31:12
MERGED from [com.android.support:support-compat:26.1.0] AndroidManifest.xml:17:1-31:12
MERGED from [android.arch.lifecycle:runtime:1.0.0] AndroidManifest.xml:17:1-30:12
INJECTED from src/main/AndroidManifest.xml:2:1-27:12
INJECTED from src/main/AndroidManifest.xml:2:1-27:12
INJECTED from src/main/AndroidManifest.xml:2:1-27:12
	package
		ADDED from src/main/AndroidManifest.xml:2:98-135
		INJECTED from src/main/AndroidManifest.xml
		INJECTED from src/main/AndroidManifest.xml
	android:versionName
		ADDED from src/main/AndroidManifest.xml:2:70-97
		INJECTED from src/main/AndroidManifest.xml
		INJECTED from src/main/AndroidManifest.xml
	android:hardwareAccelerated
		ADDED from src/main/AndroidManifest.xml:2:11-45
	xmlns:android
		ADDED from src/main/AndroidManifest.xml:2:136-194
	android:versionCode
		ADDED from src/main/AndroidManifest.xml:2:46-69
		INJECTED from src/main/AndroidManifest.xml
		INJECTED from src/main/AndroidManifest.xml
supports-screens
ADDED from src/main/AndroidManifest.xml:3:5-191
	android:largeScreens
		ADDED from src/main/AndroidManifest.xml:3:49-76
	android:smallScreens
		ADDED from src/main/AndroidManifest.xml:3:132-159
	android:normalScreens
		ADDED from src/main/AndroidManifest.xml:3:77-105
	android:xlargeScreens
		ADDED from src/main/AndroidManifest.xml:3:160-188
	android:resizeable
		ADDED from src/main/AndroidManifest.xml:3:106-131
	android:anyDensity
		ADDED from src/main/AndroidManifest.xml:3:23-48
uses-permission#android.permission.INTERNET
ADDED from src/main/AndroidManifest.xml:4:5-67
	android:name
		ADDED from src/main/AndroidManifest.xml:4:22-64
application
ADDED from src/main/AndroidManifest.xml:5:5-17:19
MERGED from [com.android.support:support-v4:26.1.0] AndroidManifest.xml:25:5-29:19
MERGED from [com.android.support:support-v4:26.1.0] AndroidManifest.xml:25:5-29:19
MERGED from [:barcodescanner-release-2.1.5:] AndroidManifest.xml:11:5-12:19
MERGED from [:barcodescanner-release-2.1.5:] AndroidManifest.xml:11:5-12:19
MERGED from [com.android.support:support-media-compat:26.1.0] AndroidManifest.xml:25:5-29:19
MERGED from [com.android.support:support-media-compat:26.1.0] AndroidManifest.xml:25:5-29:19
MERGED from [com.android.support:support-fragment:26.1.0] AndroidManifest.xml:25:5-29:19
MERGED from [com.android.support:support-fragment:26.1.0] AndroidManifest.xml:25:5-29:19
MERGED from [com.android.support:support-core-utils:26.1.0] AndroidManifest.xml:25:5-29:19
MERGED from [com.android.support:support-core-utils:26.1.0] AndroidManifest.xml:25:5-29:19
MERGED from [com.android.support:support-core-ui:26.1.0] AndroidManifest.xml:25:5-29:19
MERGED from [com.android.support:support-core-ui:26.1.0] AndroidManifest.xml:25:5-29:19
MERGED from [com.android.support:support-compat:26.1.0] AndroidManifest.xml:25:5-29:19
MERGED from [com.android.support:support-compat:26.1.0] AndroidManifest.xml:25:5-29:19
MERGED from [android.arch.lifecycle:runtime:1.0.0] AndroidManifest.xml:24:5-28:19
MERGED from [android.arch.lifecycle:runtime:1.0.0] AndroidManifest.xml:24:5-28:19
	android:supportsRtl
		ADDED from src/main/AndroidManifest.xml:5:114-140
	android:label
		ADDED from src/main/AndroidManifest.xml:5:81-113
	android:hardwareAccelerated
		ADDED from src/main/AndroidManifest.xml:5:18-52
	android:icon
		ADDED from src/main/AndroidManifest.xml:5:53-80
activity#com.elvanuslu.veribisbarkod.MainActivity
ADDED from src/main/AndroidManifest.xml:6:9-11:20
	android:label
		ADDED from src/main/AndroidManifest.xml:6:97-134
	android:launchMode
		ADDED from src/main/AndroidManifest.xml:6:135-165
	android:windowSoftInputMode
		ADDED from src/main/AndroidManifest.xml:6:257-299
	android:configChanges
		ADDED from src/main/AndroidManifest.xml:6:19-96
	android:theme
		ADDED from src/main/AndroidManifest.xml:6:194-256
	android:name
		ADDED from src/main/AndroidManifest.xml:6:166-193
intent-filter#android.intent.action.MAIN+android.intent.category.LAUNCHER
ADDED from src/main/AndroidManifest.xml:7:13-10:29
	android:label
		ADDED from src/main/AndroidManifest.xml:7:28-65
action#android.intent.action.MAIN
ADDED from src/main/AndroidManifest.xml:8:17-69
	android:name
		ADDED from src/main/AndroidManifest.xml:8:25-66
category#android.intent.category.LAUNCHER
ADDED from src/main/AndroidManifest.xml:9:17-77
	android:name
		ADDED from src/main/AndroidManifest.xml:9:27-74
activity#com.google.zxing.client.android.CaptureActivity
ADDED from src/main/AndroidManifest.xml:15:9-311
	android:clearTaskOnLaunch
		ADDED from src/main/AndroidManifest.xml:15:19-51
	android:windowSoftInputMode
		ADDED from src/main/AndroidManifest.xml:15:261-308
	android:exported
		ADDED from src/main/AndroidManifest.xml:15:114-138
	android:configChanges
		ADDED from src/main/AndroidManifest.xml:15:52-113
	android:theme
		ADDED from src/main/AndroidManifest.xml:15:202-260
	android:name
		ADDED from src/main/AndroidManifest.xml:15:139-201
activity#com.google.zxing.client.android.encode.EncodeActivity
ADDED from src/main/AndroidManifest.xml:16:9-112
	android:label
		ADDED from src/main/AndroidManifest.xml:16:19-40
	android:name
		ADDED from src/main/AndroidManifest.xml:16:41-109
uses-sdk
ADDED from src/main/AndroidManifest.xml:18:5-74
MERGED from [com.android.support:support-v4:26.1.0] AndroidManifest.xml:21:5-23:54
MERGED from [com.android.support:support-v4:26.1.0] AndroidManifest.xml:21:5-23:54
MERGED from [:barcodescanner-release-2.1.5:] AndroidManifest.xml:7:5-9:41
MERGED from [:barcodescanner-release-2.1.5:] AndroidManifest.xml:7:5-9:41
MERGED from [:CordovaLib] AndroidManifest.xml:25:5-44
MERGED from [:CordovaLib] AndroidManifest.xml:25:5-44
MERGED from [com.android.support:support-media-compat:26.1.0] AndroidManifest.xml:21:5-23:63
MERGED from [com.android.support:support-media-compat:26.1.0] AndroidManifest.xml:21:5-23:63
MERGED from [com.android.support:support-fragment:26.1.0] AndroidManifest.xml:21:5-23:60
MERGED from [com.android.support:support-fragment:26.1.0] AndroidManifest.xml:21:5-23:60
MERGED from [com.android.support:support-core-utils:26.1.0] AndroidManifest.xml:21:5-23:61
MERGED from [com.android.support:support-core-utils:26.1.0] AndroidManifest.xml:21:5-23:61
MERGED from [com.android.support:support-core-ui:26.1.0] AndroidManifest.xml:21:5-23:58
MERGED from [com.android.support:support-core-ui:26.1.0] AndroidManifest.xml:21:5-23:58
MERGED from [com.android.support:support-compat:26.1.0] AndroidManifest.xml:21:5-23:58
MERGED from [com.android.support:support-compat:26.1.0] AndroidManifest.xml:21:5-23:58
MERGED from [android.arch.lifecycle:runtime:1.0.0] AndroidManifest.xml:20:5-22:41
MERGED from [android.arch.lifecycle:runtime:1.0.0] AndroidManifest.xml:20:5-22:41
	tools:overrideLibrary
		ADDED from [com.android.support:support-v4:26.1.0] AndroidManifest.xml:23:9-51
	android:targetSdkVersion
		ADDED from src/main/AndroidManifest.xml:18:42-71
	android:minSdkVersion
		ADDED from src/main/AndroidManifest.xml:18:15-41
uses-permission#android.permission.WRITE_EXTERNAL_STORAGE
ADDED from src/main/AndroidManifest.xml:19:5-81
	android:name
		ADDED from src/main/AndroidManifest.xml:19:22-78
uses-permission#android.permission.READ_CALENDAR
ADDED from src/main/AndroidManifest.xml:20:5-72
	android:name
		ADDED from src/main/AndroidManifest.xml:20:22-69
uses-permission#android.permission.WRITE_CALENDAR
ADDED from src/main/AndroidManifest.xml:21:5-73
	android:name
		ADDED from src/main/AndroidManifest.xml:21:22-70
uses-permission#android.permission.CALL_PHONE
ADDED from src/main/AndroidManifest.xml:22:5-69
	android:name
		ADDED from src/main/AndroidManifest.xml:22:22-66
uses-feature#android.hardware.telephony
ADDED from src/main/AndroidManifest.xml:23:5-88
	android:required
		ADDED from src/main/AndroidManifest.xml:23:61-85
	android:name
		ADDED from src/main/AndroidManifest.xml:23:19-60
uses-permission#android.permission.CAMERA
ADDED from src/main/AndroidManifest.xml:24:5-65
	android:name
		ADDED from src/main/AndroidManifest.xml:24:22-62
uses-permission#android.permission.FLASHLIGHT
ADDED from src/main/AndroidManifest.xml:25:5-69
	android:name
		ADDED from src/main/AndroidManifest.xml:25:22-66
uses-feature#android.hardware.camera
ADDED from src/main/AndroidManifest.xml:26:5-84
	android:required
		ADDED from src/main/AndroidManifest.xml:26:58-81
	android:name
		ADDED from src/main/AndroidManifest.xml:26:19-57
meta-data#android.support.FILE_PROVIDER_PATHS
ADDED from src/main/AndroidManifest.xml:13:13-116
	android:resource
		ADDED from src/main/AndroidManifest.xml:13:75-113
	android:name
		ADDED from src/main/AndroidManifest.xml:13:24-74
meta-data#android.support.VERSION
ADDED from [com.android.support:support-v4:26.1.0] AndroidManifest.xml:26:9-28:38
MERGED from [com.android.support:support-media-compat:26.1.0] AndroidManifest.xml:26:9-28:38
MERGED from [com.android.support:support-media-compat:26.1.0] AndroidManifest.xml:26:9-28:38
MERGED from [com.android.support:support-fragment:26.1.0] AndroidManifest.xml:26:9-28:38
MERGED from [com.android.support:support-fragment:26.1.0] AndroidManifest.xml:26:9-28:38
MERGED from [com.android.support:support-core-utils:26.1.0] AndroidManifest.xml:26:9-28:38
MERGED from [com.android.support:support-core-utils:26.1.0] AndroidManifest.xml:26:9-28:38
MERGED from [com.android.support:support-core-ui:26.1.0] AndroidManifest.xml:26:9-28:38
MERGED from [com.android.support:support-core-ui:26.1.0] AndroidManifest.xml:26:9-28:38
MERGED from [com.android.support:support-compat:26.1.0] AndroidManifest.xml:26:9-28:38
MERGED from [com.android.support:support-compat:26.1.0] AndroidManifest.xml:26:9-28:38
	android:value
		ADDED from [com.android.support:support-v4:26.1.0] AndroidManifest.xml:28:13-35
	android:name
		ADDED from [com.android.support:support-v4:26.1.0] AndroidManifest.xml:27:13-51
meta-data#android.arch.lifecycle.VERSION
ADDED from [android.arch.lifecycle:runtime:1.0.0] AndroidManifest.xml:25:9-27:47
	android:value
		ADDED from [android.arch.lifecycle:runtime:1.0.0] AndroidManifest.xml:27:13-44
	android:name
		ADDED from [android.arch.lifecycle:runtime:1.0.0] AndroidManifest.xml:26:13-58